<?xml version="1.0" encoding="UTF-8"?>
<robot generator="Robot 4.0.3 (Python 3.6.4 on win32)" generated="20210618 11:14:42.092" rpa="false" schemaversion="2">
<suite id="s1" name="Bot" source="C:\Users\arachidi\Desktop\robot test\bot.robot">
<test id="s1-t1" name="test Function">
<kw name="Print arguments">
<arg>${function1}</arg>
<arg>${function2}</arg>
<kw name="Test" library="script">
<var>${a}</var>
<arg>${expected}</arg>
<msg timestamp="20210618 11:14:50.459" level="INFO">${a} = {'variable1': '2', 'variable2': '3'}</msg>
<status status="PASS" starttime="20210618 11:14:42.392" endtime="20210618 11:14:50.460"/>
</kw>
<status status="PASS" starttime="20210618 11:14:42.388" endtime="20210618 11:14:50.460"/>
</kw>
<status status="PASS" starttime="20210618 11:14:42.385" endtime="20210618 11:14:50.498"/>
</test>
<doc>How to use a custom Python Dialogs.</doc>
<status status="PASS" starttime="20210618 11:14:42.101" endtime="20210618 11:14:50.516"/>
</suite>
<statistics>
<total>
<stat pass="1" fail="0" skip="0">All Tests</stat>
</total>
<tag>
</tag>
<suite>
<stat pass="1" fail="0" skip="0" id="s1" name="Bot">Bot</stat>
</suite>
</statistics>
<errors>
</errors>
</robot>
