<?xml version="1.0" encoding="UTF-8"?>
<robot generator="Robot 3.2.2 (Python 3.8.1 on win32)" generated="20210715 14:40:19.427" rpa="false">
<suite id="s1" name="TestCases Prod" source="D:\Data\EASII\E19301_STREAMER-RECORDER-HD\16_Test\RobotFramework\TestCases_Prod">
<suite id="s1-s1" name="VisualChecks" source="D:\Data\EASII\E19301_STREAMER-RECORDER-HD\16_Test\RobotFramework\TestCases_Prod\01__VisualChecks.robot">
<test id="s1-s1-t1" name="Check test bench">
<kw name="Get Value From User" library="Dialogs">
<doc>Pauses test execution and asks user to input a value.</doc>
<arguments>
<arg>Check StreamerHD Test Bench identification (Part Number, S/N, Modif Status). ${\n}Report the Part Number of EASii IC frame grabber PC</arg>
</arguments>
<assign>
<var>${val}</var>
</assign>
<msg timestamp="20210715 14:40:22.613" level="INFO">${val} = dsqdsqs</msg>
<status status="PASS" starttime="20210715 14:40:20.394" endtime="20210715 14:40:22.613"></status>
</kw>
<kw name="Set Test Message" library="BuiltIn">
<doc>Sets message for the current test case.</doc>
<arguments>
<arg>${val}</arg>
</arguments>
<msg timestamp="20210715 14:40:22.615" level="INFO">Set test message to:
dsqdsqs</msg>
<status status="PASS" starttime="20210715 14:40:22.614" endtime="20210715 14:40:22.615"></status>
</kw>
<tags>
<tag>Test_1</tag>
<tag>VisualChecks</tag>
</tags>
<status status="PASS" starttime="20210715 14:40:20.386" endtime="20210715 14:40:22.616" critical="yes">dsqdsqs</status>
</test>
<test id="s1-s1-t2" name="Power Supply Traceability">
<kw name="Get Value From User" library="Dialogs">
<doc>Pauses test execution and asks user to input a value.</doc>
<arguments>
<arg>Report the Reference and Serial Number of the Power Supply</arg>
</arguments>
<assign>
<var>${val}</var>
</assign>
<msg timestamp="20210715 14:40:32.524" level="INFO">${val} = dsqdsqdsq</msg>
<status status="PASS" starttime="20210715 14:40:22.628" endtime="20210715 14:40:32.524"></status>
</kw>
<kw name="Set Test Message" library="BuiltIn">
<doc>Sets message for the current test case.</doc>
<arguments>
<arg>${val}</arg>
</arguments>
<status status="FAIL" starttime="20210715 14:40:32.525" endtime="20210715 14:40:32.525"></status>
</kw>
<tags>
<tag>Test_2</tag>
<tag>VisualChecks</tag>
</tags>
<status status="FAIL" starttime="20210715 14:40:22.624" endtime="20210715 14:40:32.526" critical="yes">Execution terminated by signal</status>
</test>
<test id="s1-s1-t3" name="Multimiter Traceability">
<tags>
<tag>robot:exit</tag>
<tag>Test_3</tag>
<tag>VisualChecks</tag>
</tags>
<status status="FAIL" starttime="20210715 14:40:32.532" endtime="20210715 14:40:32.536" critical="yes">Test execution stopped due to a fatal error.</status>
</test>
<test id="s1-s1-t4" name="LRC Meter traceability">
<tags>
<tag>robot:exit</tag>
<tag>Test_4</tag>
<tag>VisualChecks</tag>
</tags>
<status status="FAIL" starttime="20210715 14:40:32.550" endtime="20210715 14:40:32.553" critical="yes">Test execution stopped due to a fatal error.</status>
</test>
<test id="s1-s1-t5" name="Check Appearance">
<tags>
<tag>robot:exit</tag>
<tag>Test_10</tag>
<tag>VisualChecks</tag>
</tags>
<status status="FAIL" starttime="20210715 14:40:32.564" endtime="20210715 14:40:32.567" critical="yes">Test execution stopped due to a fatal error.</status>
</test>
<test id="s1-s1-t6" name="Power Board Traceability">
<tags>
<tag>robot:exit</tag>
<tag>Test_11</tag>
<tag>VisualChecks</tag>
</tags>
<status status="FAIL" starttime="20210715 14:40:32.577" endtime="20210715 14:40:32.581" critical="yes">Test execution stopped due to a fatal error.</status>
</test>
<test id="s1-s1-t7" name="Video Board Traceability">
<tags>
<tag>robot:exit</tag>
<tag>Test_12</tag>
<tag>VisualChecks</tag>
</tags>
<status status="FAIL" starttime="20210715 14:40:32.589" endtime="20210715 14:40:32.593" critical="yes">Test execution stopped due to a fatal error.</status>
</test>
<test id="s1-s1-t8" name="Check Mechanical Integrity">
<tags>
<tag>robot:exit</tag>
<tag>Test_13</tag>
<tag>VisualChecks</tag>
</tags>
<status status="FAIL" starttime="20210715 14:40:32.601" endtime="20210715 14:40:32.605" critical="yes">Test execution stopped due to a fatal error.</status>
</test>
<test id="s1-s1-t9" name="Check Screws">
<tags>
<tag>robot:exit</tag>
<tag>Test_14</tag>
<tag>VisualChecks</tag>
</tags>
<status status="FAIL" starttime="20210715 14:40:32.614" endtime="20210715 14:40:32.617" critical="yes">Test execution stopped due to a fatal error.</status>
</test>
<test id="s1-s1-t10" name="Check LED Pipes">
<tags>
<tag>robot:exit</tag>
<tag>Test_15</tag>
<tag>VisualChecks</tag>
</tags>
<status status="FAIL" starttime="20210715 14:40:32.626" endtime="20210715 14:40:32.629" critical="yes">Test execution stopped due to a fatal error.</status>
</test>
<test id="s1-s1-t11" name="Check Engravings">
<tags>
<tag>robot:exit</tag>
<tag>Test_16</tag>
<tag>VisualChecks</tag>
</tags>
<status status="FAIL" starttime="20210715 14:40:32.638" endtime="20210715 14:40:32.642" critical="yes">Test execution stopped due to a fatal error.</status>
</test>
<test id="s1-s1-t12" name="Paste Sticker">
<tags>
<tag>robot:exit</tag>
<tag>Test_17</tag>
<tag>VisualChecks</tag>
</tags>
<status status="FAIL" starttime="20210715 14:40:32.651" endtime="20210715 14:40:32.654" critical="yes">Test execution stopped due to a fatal error.</status>
</test>
<test id="s1-s1-t13" name="Check ground continuity">
<tags>
<tag>robot:exit</tag>
<tag>Test_24</tag>
<tag>VisualChecks</tag>
</tags>
<status status="FAIL" starttime="20210715 14:40:32.661" endtime="20210715 14:40:32.666" critical="yes">Test execution stopped due to a fatal error.</status>
</test>
<test id="s1-s1-t14" name="Eletrical Resistance between shells connectors">
<tags>
<tag>robot:exit</tag>
<tag>Test_25</tag>
<tag>VisualChecks</tag>
</tags>
<status status="FAIL" starttime="20210715 14:40:32.672" endtime="20210715 14:40:32.676" critical="yes">Test execution stopped due to a fatal error.</status>
</test>
<test id="s1-s1-t15" name="Check electrical isolation">
<tags>
<tag>robot:exit</tag>
<tag>Test_26</tag>
<tag>VisualChecks</tag>
</tags>
<status status="FAIL" starttime="20210715 14:40:32.683" endtime="20210715 14:40:32.686" critical="yes">Test execution stopped due to a fatal error.</status>
</test>
<status status="FAIL" starttime="20210715 14:40:19.484" endtime="20210715 14:40:32.695"></status>
</suite>
<status status="FAIL" starttime="20210715 14:40:19.436" endtime="20210715 14:40:32.705"></status>
</suite>
<statistics>
<total>
<stat pass="1" fail="14">Critical Tests</stat>
<stat pass="1" fail="14">All Tests</stat>
</total>
<tag>
<stat pass="1" fail="1" info="combined" combined="NOT robot:exit">NOT robot:exit</stat>
<stat pass="0" fail="13">robot:exit</stat>
<stat pass="1" fail="0">Test_1</stat>
<stat pass="0" fail="1">Test_10</stat>
<stat pass="0" fail="1">Test_11</stat>
<stat pass="0" fail="1">Test_12</stat>
<stat pass="0" fail="1">Test_13</stat>
<stat pass="0" fail="1">Test_14</stat>
<stat pass="0" fail="1">Test_15</stat>
<stat pass="0" fail="1">Test_16</stat>
<stat pass="0" fail="1">Test_17</stat>
<stat pass="0" fail="1">Test_2</stat>
<stat pass="0" fail="1">Test_24</stat>
<stat pass="0" fail="1">Test_25</stat>
<stat pass="0" fail="1">Test_26</stat>
<stat pass="0" fail="1">Test_3</stat>
<stat pass="0" fail="1">Test_4</stat>
<stat pass="1" fail="14">VisualChecks</stat>
</tag>
<suite>
<stat pass="1" fail="14" id="s1" name="TestCases Prod">TestCases Prod</stat>
<stat pass="1" fail="14" id="s1-s1" name="VisualChecks">TestCases Prod.VisualChecks</stat>
</suite>
</statistics>
<errors>
</errors>
</robot>
