<?xml version="1.0" encoding="UTF-8"?>
<robot generator="Robot 4.0.3 (Python 3.6.4 on win32)" generated="20210722 14:51:36.248" rpa="false" schemaversion="2">
<suite id="s1" name="SelectTest" source="C:\Users\arachidi\Desktop\stageachraf\SelectTest">
<suite id="s1-s1" name="Bot" source="C:\Users\arachidi\Desktop\stageachraf\SelectTest\bot.robot">
<test id="s1-s1-t1" name="testFunction3">
<kw name="Get Value From User" library="Dialogs">
<arg>enter an input</arg>
<doc>Pauses test execution and asks user to input a value.</doc>
<status status="PASS" starttime="20210722 14:51:36.341" endtime="20210722 14:51:38.719"/>
</kw>
<kw name="Pause Execution" library="Dialogs">
<arg>Test is paused for now</arg>
<doc>Pauses test execution until user clicks ``Ok`` button.</doc>
<status status="PASS" starttime="20210722 14:51:38.723" endtime="20210722 14:51:39.429"/>
</kw>
<status status="PASS" starttime="20210722 14:51:36.339" endtime="20210722 14:51:39.429"/>
</test>
<test id="s1-s1-t2" name="testFunction4">
<kw name="Get Value From User" library="Dialogs">
<arg>enter an input</arg>
<doc>Pauses test execution and asks user to input a value.</doc>
<status status="PASS" starttime="20210722 14:51:39.433" endtime="20210722 14:51:40.267"/>
</kw>
<kw name="Pause Execution" library="Dialogs">
<arg>Test is paused for now</arg>
<doc>Pauses test execution until user clicks ``Ok`` button.</doc>
<status status="PASS" starttime="20210722 14:51:40.270" endtime="20210722 14:51:40.921"/>
</kw>
<status status="PASS" starttime="20210722 14:51:39.431" endtime="20210722 14:51:40.921"/>
</test>
<test id="s1-s1-t3" name="testFunction5">
<kw name="Get Value From User" library="Dialogs">
<arg>enter an input</arg>
<doc>Pauses test execution and asks user to input a value.</doc>
<status status="PASS" starttime="20210722 14:51:40.932" endtime="20210722 14:51:41.669"/>
</kw>
<kw name="Pause Execution" library="Dialogs">
<arg>Test is paused for now</arg>
<doc>Pauses test execution until user clicks ``Ok`` button.</doc>
<status status="PASS" starttime="20210722 14:51:41.671" endtime="20210722 14:51:42.301"/>
</kw>
<status status="PASS" starttime="20210722 14:51:40.930" endtime="20210722 14:51:42.304"/>
</test>
<doc>How to use a custom Python Dialogs.</doc>
<meta name="--name">Dialogs</meta>
<status status="PASS" starttime="20210722 14:51:36.287" endtime="20210722 14:51:42.306"/>
</suite>
<status status="PASS" starttime="20210722 14:51:36.255" endtime="20210722 14:51:42.309"/>
</suite>
<statistics>
<total>
<stat pass="3" fail="0" skip="0">All Tests</stat>
</total>
<tag>
</tag>
<suite>
<stat pass="3" fail="0" skip="0" id="s1" name="SelectTest">SelectTest</stat>
<stat pass="3" fail="0" skip="0" id="s1-s1" name="Bot">SelectTest.Bot</stat>
</suite>
</statistics>
<errors>
</errors>
</robot>
