<?xml version="1.0" encoding="UTF-8"?>
<robot generator="Robot 4.0.3 (Python 3.6.4 on win32)" generated="20210721 13:57:57.889" rpa="false" schemaversion="2">
<suite id="s1" name="SelectTest" source="C:\Users\arachidi\Desktop\stageachraf\SelectTest">
<suite id="s1-s1" name="Bot" source="C:\Users\arachidi\Desktop\stageachraf\SelectTest\bot.robot">
<test id="s1-s1-t1" name="testFunction2">
<kw name="Sleep" library="BuiltIn">
<arg>5s</arg>
<doc>Pauses the test executed for the given time.</doc>
<status status="PASS" starttime="20210721 13:57:57.996" endtime="20210721 13:58:02.997"/>
</kw>
<status status="PASS" starttime="20210721 13:57:57.994" endtime="20210721 13:58:02.998"/>
</test>
<doc>How to use a custom Python Dialogs.</doc>
<meta name="--name">Dialogs</meta>
<status status="PASS" starttime="20210721 13:57:57.934" endtime="20210721 13:58:03.003"/>
</suite>
<suite id="s1-s2" name="Bot2" source="C:\Users\arachidi\Desktop\stageachraf\SelectTest\bot2.robot">
<test id="s1-s2-t1" name="test2 Function">
<kw name="Sleep" library="BuiltIn">
<arg>10s</arg>
<doc>Pauses the test executed for the given time.</doc>
<status status="PASS" starttime="20210721 13:58:03.012" endtime="20210721 13:58:13.015"/>
</kw>
<status status="PASS" starttime="20210721 13:58:03.012" endtime="20210721 13:58:13.016"/>
</test>
<doc>How to use a custom Python Dialogs.</doc>
<meta name="--name">Dialogs</meta>
<status status="PASS" starttime="20210721 13:58:03.006" endtime="20210721 13:58:13.027"/>
</suite>
<status status="PASS" starttime="20210721 13:57:57.898" endtime="20210721 13:58:13.033"/>
</suite>
<statistics>
<total>
<stat pass="2" fail="0" skip="0">All Tests</stat>
</total>
<tag>
</tag>
<suite>
<stat pass="2" fail="0" skip="0" id="s1" name="SelectTest">SelectTest</stat>
<stat pass="1" fail="0" skip="0" id="s1-s1" name="Bot">SelectTest.Bot</stat>
<stat pass="1" fail="0" skip="0" id="s1-s2" name="Bot2">SelectTest.Bot2</stat>
</suite>
</statistics>
<errors>
</errors>
</robot>
